<?xml version="1.0" encoding="utf-8"?><testsuites name="pytest tests"><testsuite name="pytest" errors="0" failures="0" skipped="0" tests="7" time="1.286" timestamp="2026-04-29T07:40:35.680387+00:00" hostname="agent-env-7e2cd458-db43-4809-9249-8a6ce407c158"><testcase classname="backend.tests.backend_test.TestSettings" name="test_defaults_endpoint" time="0.335" /><testcase classname="backend.tests.backend_test.TestSettings" name="test_get_settings_returns_defaults_when_empty" time="0.092" /><testcase classname="backend.tests.backend_test.TestSettings" name="test_save_and_persist_settings" time="0.209" /><testcase classname="backend.tests.backend_test.TestSettings" name="test_reset_settings" time="0.225" /><testcase classname="backend.tests.backend_test.TestGeneratePdf" name="test_generate_pdf_returns_real_pdf" time="0.092" /><testcase classname="backend.tests.backend_test.TestGeneratePdf" name="test_generate_pdf_with_empty_data" time="0.090" /><testcase classname="backend.tests.backend_test.TestGeneratePdf" name="test_generate_pdf_with_settings_override" time="0.139" /></testsuite></testsuites>