<?xml version="1.0" encoding="utf-8"?><testsuites name="pytest tests"><testsuite name="pytest" errors="0" failures="0" skipped="0" tests="18" time="6.644" timestamp="2026-04-29T08:33:15.494214+00:00" hostname="agent-env-7e2cd458-db43-4809-9249-8a6ce407c158"><testcase classname="backend.tests.test_calibration.TestCalibrationDefaults" name="test_defaults_endpoint_exposes_calibration" time="0.347" /><testcase classname="backend.tests.test_calibration.TestCalibrationDefaults" name="test_get_settings_returns_default_calibration_when_empty" time="0.095" /><testcase classname="backend.tests.test_calibration.TestCalibrationBackfill" name="test_backfill_calibration_for_legacy_doc" time="0.260" /><testcase classname="backend.tests.test_calibration.TestCalibrationPersistence" name="test_save_and_get_calibration" time="0.185" /><testcase classname="backend.tests.test_calibration.TestCalibrationApplied" name="test_no_calibration_draws_at_set_coords" time="0.147" /><testcase classname="backend.tests.test_calibration.TestCalibrationApplied" name="test_vertical_calibration_24_5_over_20_4" time="0.145" /><testcase classname="backend.tests.test_calibration.TestCalibrationApplied" name="test_horizontal_calibration" time="0.142" /><testcase classname="backend.tests.test_calibration.TestCalibrationApplied" name="test_vertical_offset_applied" time="0.143" /><testcase classname="backend.tests.test_calibration.TestCalibrationApplied" name="test_horizontal_offset_applied" time="0.146" /><testcase classname="backend.tests.backend_test.TestSettings" name="test_defaults_endpoint" time="0.206" /><testcase classname="backend.tests.backend_test.TestSettings" name="test_get_settings_returns_defaults_when_empty" time="0.092" /><testcase classname="backend.tests.backend_test.TestSettings" name="test_save_and_persist_calculation" time="0.177" /><testcase classname="backend.tests.backend_test.TestSettings" name="test_save_and_persist_product_column" time="0.464" /><testcase classname="backend.tests.backend_test.TestSettings" name="test_reset_settings" time="3.515" /><testcase classname="backend.tests.backend_test.TestBackfill" name="test_backfill_legacy_doc" time="0.222" /><testcase classname="backend.tests.backend_test.TestGeneratePdf" name="test_generate_pdf_returns_real_pdf" time="0.088" /><testcase classname="backend.tests.backend_test.TestGeneratePdf" name="test_generate_pdf_accepts_product_field" time="0.085" /><testcase classname="backend.tests.backend_test.TestGeneratePdf" name="test_generate_pdf_with_empty_data" time="0.088" /></testsuite></testsuites>